Setting version...
Setting config...
  HOSTCC  scripts/basic/fixdep
  HOSTCC  scripts/kconfig/conf.o
  HOSTCC  scripts/kconfig/confdata.o
  HOSTCC  scripts/kconfig/expr.o
  LEX     scripts/kconfig/lexer.lex.c
  YACC    scripts/kconfig/parser.tab.[ch]
  HOSTCC  scripts/kconfig/lexer.lex.o
  HOSTCC  scripts/kconfig/menu.o
  HOSTCC  scripts/kconfig/parser.tab.o
  HOSTCC  scripts/kconfig/preprocess.o
  HOSTCC  scripts/kconfig/symbol.o
  HOSTCC  scripts/kconfig/util.o
  HOSTLD  scripts/kconfig/conf
.config:443:warning: symbol value 'm' invalid for I8K
#
# configuration written to .config
#
--- ../config	2022-03-30 13:44:29.623508267 -0300
+++ .config	2022-04-10 09:22:21.568239732 -0300
@@ -1,6 +1,6 @@
 #
 # Automatically generated file; DO NOT EDIT.
-# Linux/x86 5.17.0-arch1 Kernel Configuration
+# Linux/x86 5.18.0-rc1 Kernel Configuration
 #
 CONFIG_CC_VERSION_TEXT="gcc (GCC) 11.2.0"
 CONFIG_CC_IS_GCC=y
@@ -17,6 +17,7 @@
 CONFIG_CC_HAS_ASM_GOTO_OUTPUT=y
 CONFIG_CC_HAS_ASM_INLINE=y
 CONFIG_CC_HAS_NO_PROFILE_FN_ATTR=y
+CONFIG_PAHOLE_VERSION=123
 CONFIG_IRQ_WORK=y
 CONFIG_BUILDTIME_TABLE_SORT=y
 CONFIG_THREAD_INFO_IN_TASK=y
@@ -103,6 +104,7 @@
 # CONFIG_NO_HZ_FULL is not set
 CONFIG_NO_HZ=y
 CONFIG_HIGH_RES_TIMERS=y
+CONFIG_CLOCKSOURCE_WATCHDOG_MAX_SKEW_US=100
 # end of Timers subsystem
 
 CONFIG_BPF=y
@@ -227,7 +229,6 @@
 CONFIG_TIME_NS=y
 CONFIG_IPC_NS=y
 CONFIG_USER_NS=y
-CONFIG_USER_NS_UNPRIVILEGED=y
 CONFIG_PID_NS=y
 CONFIG_NET_NS=y
 CONFIG_CHECKPOINT_RESTORE=y
@@ -328,11 +329,9 @@
 CONFIG_ARCH_MAY_HAVE_PC_FDC=y
 CONFIG_GENERIC_CALIBRATE_DELAY=y
 CONFIG_ARCH_HAS_CPU_RELAX=y
-CONFIG_ARCH_HAS_FILTER_PGPROT=y
 CONFIG_ARCH_HIBERNATION_POSSIBLE=y
 CONFIG_ARCH_NR_GPIO=1024
 CONFIG_ARCH_SUSPEND_POSSIBLE=y
-CONFIG_ARCH_WANT_GENERAL_HUGETLB=y
 CONFIG_AUDIT_ARCH=y
 CONFIG_HAVE_INTEL_TXT=y
 CONFIG_X86_64_SMP=y
@@ -407,6 +406,7 @@
 CONFIG_HPET_EMULATE_RTC=y
 CONFIG_DMI=y
 # CONFIG_GART_IOMMU is not set
+CONFIG_BOOT_VESA_SUPPORT=y
 # CONFIG_MAXSMP is not set
 CONFIG_NR_CPUS_RANGE_BEGIN=2
 CONFIG_NR_CPUS_RANGE_END=512
@@ -440,7 +440,6 @@
 CONFIG_X86_ESPFIX64=y
 CONFIG_X86_VSYSCALL_EMULATION=y
 CONFIG_X86_IOPL_IOPERM=y
-CONFIG_I8K=m
 CONFIG_MICROCODE=y
 CONFIG_MICROCODE_INTEL=y
 CONFIG_MICROCODE_AMD=y
@@ -460,7 +459,6 @@
 CONFIG_NODES_SHIFT=5
 CONFIG_ARCH_SPARSEMEM_ENABLE=y
 CONFIG_ARCH_SPARSEMEM_DEFAULT=y
-CONFIG_ARCH_SELECT_MEMORY_MODEL=y
 # CONFIG_ARCH_MEMORY_PROBE is not set
 CONFIG_ARCH_PROC_KCORE_TEXT=y
 CONFIG_ILLEGAL_POINTER_VALUE=0xdead000000000000
@@ -477,6 +475,8 @@
 CONFIG_ARCH_RANDOM=y
 CONFIG_X86_SMAP=y
 CONFIG_X86_UMIP=y
+CONFIG_CC_HAS_IBT=y
+# CONFIG_X86_KERNEL_IBT is not set
 CONFIG_X86_INTEL_MEMORY_PROTECTION_KEYS=y
 # CONFIG_X86_INTEL_TSX_MODE_OFF is not set
 # CONFIG_X86_INTEL_TSX_MODE_ON is not set
@@ -688,7 +688,7 @@
 # Binary Emulations
 #
 CONFIG_IA32_EMULATION=y
-# CONFIG_X86_X32 is not set
+# CONFIG_X86_X32_ABI is not set
 CONFIG_COMPAT_32=y
 CONFIG_COMPAT=y
 CONFIG_COMPAT_FOR_U64_ALIGNMENT=y
@@ -720,7 +720,6 @@
 CONFIG_KVM_AMD=m
 CONFIG_KVM_AMD_SEV=y
 CONFIG_KVM_XEN=y
-CONFIG_KVM_MMU_AUDIT=y
 CONFIG_KVM_EXTERNAL_WRITE_TRACKING=y
 CONFIG_AS_AVX512=y
 CONFIG_AS_SHA1_NI=y
@@ -744,6 +743,7 @@
 CONFIG_HAVE_EFFICIENT_UNALIGNED_ACCESS=y
 CONFIG_ARCH_USE_BUILTIN_BSWAP=y
 CONFIG_KRETPROBES=y
+CONFIG_KRETPROBE_ON_RETHOOK=y
 CONFIG_USER_RETURN_NOTIFIER=y
 CONFIG_HAVE_IOREMAP_PROT=y
 CONFIG_HAVE_KPROBES=y
@@ -806,6 +806,7 @@
 CONFIG_HAVE_ARCH_TRANSPARENT_HUGEPAGE=y
 CONFIG_HAVE_ARCH_TRANSPARENT_HUGEPAGE_PUD=y
 CONFIG_HAVE_ARCH_HUGE_VMAP=y
+CONFIG_HAVE_ARCH_HUGE_VMALLOC=y
 CONFIG_ARCH_WANT_HUGE_PMD_SHARE=y
 CONFIG_HAVE_ARCH_SOFT_DIRTY=y
 CONFIG_HAVE_MOD_ARCH_SPECIFIC=y
@@ -830,6 +831,7 @@
 CONFIG_HAVE_ARCH_VMAP_STACK=y
 CONFIG_VMAP_STACK=y
 CONFIG_HAVE_ARCH_RANDOMIZE_KSTACK_OFFSET=y
+CONFIG_RANDOMIZE_KSTACK_OFFSET=y
 CONFIG_RANDOMIZE_KSTACK_OFFSET_DEFAULT=y
 CONFIG_ARCH_HAS_STRICT_KERNEL_RWX=y
 CONFIG_STRICT_KERNEL_RWX=y
@@ -843,6 +845,7 @@
 CONFIG_HAVE_STATIC_CALL=y
 CONFIG_HAVE_STATIC_CALL_INLINE=y
 CONFIG_HAVE_PREEMPT_DYNAMIC=y
+CONFIG_HAVE_PREEMPT_DYNAMIC_CALL=y
 CONFIG_ARCH_WANT_LD_ORPHAN_WARN=y
 CONFIG_ARCH_SUPPORTS_DEBUG_PAGEALLOC=y
 CONFIG_ARCH_SUPPORTS_PAGE_TABLE_CHECK=y
@@ -890,6 +893,7 @@
 CONFIG_MODPROBE_PATH="/sbin/modprobe"
 CONFIG_MODULES_TREE_LOOKUP=y
 CONFIG_BLOCK=y
+CONFIG_BLOCK_LEGACY_AUTOLOAD=y
 CONFIG_BLK_RQ_ALLOC_TIME=y
 CONFIG_BLK_CGROUP_RWSTAT=y
 CONFIG_BLK_DEV_BSG_COMMON=y
@@ -944,6 +948,7 @@
 CONFIG_BLK_MQ_RDMA=y
 CONFIG_BLK_PM=y
 CONFIG_BLOCK_HOLDER_DEPRECATED=y
+CONFIG_BLK_MQ_STACKING=y
 
 #
 # IO Schedulers
@@ -987,8 +992,6 @@
 #
 # Memory Management options
 #
-CONFIG_SELECT_MEMORY_MODEL=y
-CONFIG_SPARSEMEM_MANUAL=y
 CONFIG_SPARSEMEM=y
 CONFIG_SPARSEMEM_EXTREME=y
 CONFIG_SPARSEMEM_VMEMMAP_ENABLE=y
@@ -1011,6 +1014,7 @@
 CONFIG_COMPACTION=y
 CONFIG_PAGE_REPORTING=y
 CONFIG_MIGRATION=y
+CONFIG_DEVICE_MIGRATION=y
 CONFIG_ARCH_ENABLE_HUGEPAGE_MIGRATION=y
 CONFIG_ARCH_ENABLE_THP_MIGRATION=y
 CONFIG_CONTIG_ALLOC=y
@@ -1025,6 +1029,7 @@
 CONFIG_TRANSPARENT_HUGEPAGE=y
 # CONFIG_TRANSPARENT_HUGEPAGE_ALWAYS is not set
 CONFIG_TRANSPARENT_HUGEPAGE_MADVISE=y
+CONFIG_ARCH_WANT_GENERAL_HUGETLB=y
 CONFIG_ARCH_WANTS_THP_SWAP=y
 CONFIG_THP_SWAP=y
 CONFIG_NEED_PER_CPU_EMBED_FIRST_CHUNK=y
@@ -1061,11 +1066,12 @@
 CONFIG_PAGE_IDLE_FLAG=y
 CONFIG_IDLE_PAGE_TRACKING=y
 CONFIG_ARCH_HAS_CACHE_LINE_SIZE=y
+CONFIG_ARCH_HAS_CURRENT_STACK_POINTER=y
+CONFIG_ARCH_HAS_FILTER_PGPROT=y
 CONFIG_ARCH_HAS_PTE_DEVMAP=y
 CONFIG_ZONE_DMA=y
 CONFIG_ZONE_DMA32=y
 CONFIG_ZONE_DEVICE=y
-CONFIG_DEV_PAGEMAP_OPS=y
 CONFIG_HMM_MIRROR=y
 CONFIG_DEVICE_PRIVATE=y
 CONFIG_VMAP_PFN=y
@@ -1085,6 +1091,7 @@
 CONFIG_DAMON=y
 CONFIG_DAMON_VADDR=y
 CONFIG_DAMON_PADDR=y
+# CONFIG_DAMON_SYSFS is not set
 CONFIG_DAMON_DBGFS=y
 CONFIG_DAMON_RECLAIM=y
 # end of Data Access Monitoring
@@ -2094,6 +2101,7 @@
 CONFIG_NET_SOCK_MSG=y
 CONFIG_NET_DEVLINK=y
 CONFIG_PAGE_POOL=y
+# CONFIG_PAGE_POOL_STATS is not set
 CONFIG_FAILOVER=m
 CONFIG_ETHTOOL_NETLINK=y
 
@@ -2135,6 +2143,8 @@
 CONFIG_PCI_P2PDMA=y
 CONFIG_PCI_LABEL=y
 CONFIG_PCI_HYPERV=m
+CONFIG_VGA_ARB=y
+CONFIG_VGA_ARB_MAX_GPUS=10
 CONFIG_HOTPLUG_PCI=y
 CONFIG_HOTPLUG_PCI_ACPI=y
 CONFIG_HOTPLUG_PCI_ACPI_IBM=m
@@ -2183,10 +2193,12 @@
 # end of PCI switch controller drivers
 
 CONFIG_CXL_BUS=m
-CONFIG_CXL_MEM=m
+CONFIG_CXL_PCI=m
 # CONFIG_CXL_MEM_RAW_COMMANDS is not set
 CONFIG_CXL_ACPI=m
 CONFIG_CXL_PMEM=m
+CONFIG_CXL_MEM=m
+CONFIG_CXL_PORT=m
 CONFIG_PCCARD=m
 CONFIG_PCMCIA=m
 CONFIG_PCMCIA_LOAD_CIS=y
@@ -2444,6 +2456,7 @@
 CONFIG_MTD_NAND_ECC_SW_HAMMING=y
 CONFIG_MTD_NAND_ECC_SW_HAMMING_SMC=y
 CONFIG_MTD_NAND_ECC_SW_BCH=y
+CONFIG_MTD_NAND_ECC_MXIC=y
 # end of ECC engine support
 # end of NAND
 
@@ -2458,9 +2471,6 @@
 # CONFIG_MTD_SPI_NOR_SWP_DISABLE is not set
 CONFIG_MTD_SPI_NOR_SWP_DISABLE_ON_VOLATILE=y
 # CONFIG_MTD_SPI_NOR_SWP_KEEP is not set
-CONFIG_SPI_INTEL_SPI=m
-CONFIG_SPI_INTEL_SPI_PCI=m
-CONFIG_SPI_INTEL_SPI_PLATFORM=m
 CONFIG_MTD_UBI=m
 CONFIG_MTD_UBI_WL_THRESHOLD=4096
 CONFIG_MTD_UBI_BEB_LIMIT=20
@@ -2529,6 +2539,7 @@
 CONFIG_NVME_CORE=y
 CONFIG_BLK_DEV_NVME=y
 CONFIG_NVME_MULTIPATH=y
+# CONFIG_NVME_VERBOSE_ERRORS is not set
 CONFIG_NVME_HWMON=y
 CONFIG_NVME_FABRICS=m
 CONFIG_NVME_RDMA=m
@@ -2795,7 +2806,7 @@
 # Controllers with non-SFF native interface
 #
 CONFIG_SATA_AHCI=y
-CONFIG_SATA_MOBILE_LPM_POLICY=3
+CONFIG_SATA_LPM_POLICY=0
 CONFIG_SATA_AHCI_PLATFORM=m
 CONFIG_SATA_INIC162X=m
 CONFIG_SATA_ACARD_AHCI=m
@@ -3073,7 +3084,7 @@
 CONFIG_NET_DSA_XRS700X_I2C=m
 CONFIG_NET_DSA_XRS700X_MDIO=m
 CONFIG_NET_DSA_QCA8K=m
-CONFIG_NET_DSA_REALTEK_SMI=m
+# CONFIG_NET_DSA_REALTEK is not set
 CONFIG_NET_DSA_SMSC_LAN9303=m
 CONFIG_NET_DSA_SMSC_LAN9303_I2C=m
 CONFIG_NET_DSA_SMSC_LAN9303_MDIO=m
@@ -3168,6 +3179,8 @@
 CONFIG_ENIC=m
 CONFIG_NET_VENDOR_CORTINA=y
 CONFIG_CX_ECAT=m
+CONFIG_NET_VENDOR_DAVICOM=y
+# CONFIG_DM9051 is not set
 CONFIG_DNET=m
 CONFIG_NET_VENDOR_DEC=y
 CONFIG_NET_TULIP=y
@@ -3200,6 +3213,8 @@
 CONFIG_NET_VENDOR_EZCHIP=y
 CONFIG_NET_VENDOR_FUJITSU=y
 CONFIG_PCMCIA_FMVJ18X=m
+CONFIG_NET_VENDOR_FUNGIBLE=y
+# CONFIG_FUN_ETH is not set
 CONFIG_NET_VENDOR_GOOGLE=y
 CONFIG_GVE=m
 CONFIG_NET_VENDOR_HUAWEI=y
@@ -3485,6 +3500,7 @@
 # MCTP Device Drivers
 #
 CONFIG_MCTP_SERIAL=m
+# CONFIG_MCTP_TRANSPORT_I2C is not set
 # end of MCTP Device Drivers
 
 CONFIG_MDIO_DEVICE=m
@@ -3789,6 +3805,7 @@
 CONFIG_MT7921_COMMON=m
 CONFIG_MT7921E=m
 CONFIG_MT7921S=m
+# CONFIG_MT7921U is not set
 CONFIG_WLAN_VENDOR_MICROCHIP=y
 CONFIG_WILC1000=m
 CONFIG_WILC1000_SDIO=m
@@ -3863,6 +3880,7 @@
 CONFIG_RTW89=m
 CONFIG_RTW89_CORE=m
 CONFIG_RTW89_PCI=m
+CONFIG_RTW89_8852A=m
 CONFIG_RTW89_8852AE=m
 CONFIG_RTW89_DEBUG=y
 CONFIG_RTW89_DEBUGMSG=y
@@ -3963,6 +3981,7 @@
 CONFIG_INPUT_FF_MEMLESS=m
 CONFIG_INPUT_SPARSEKMAP=m
 CONFIG_INPUT_MATRIXKMAP=m
+CONFIG_INPUT_VIVALDIFMAP=m
 
 #
 # Userland interfaces
@@ -4132,6 +4151,7 @@
 CONFIG_TOUCHSCREEN_MELFAS_MIP4=m
 CONFIG_TOUCHSCREEN_MSG2638=m
 CONFIG_TOUCHSCREEN_MTOUCH=m
+# CONFIG_TOUCHSCREEN_IMAGIS is not set
 CONFIG_TOUCHSCREEN_INEXIO=m
 CONFIG_TOUCHSCREEN_MK712=m
 CONFIG_TOUCHSCREEN_PENMOUNT=m
@@ -4350,7 +4370,6 @@
 CONFIG_SERIAL_SC16IS7XX=m
 CONFIG_SERIAL_SC16IS7XX_I2C=y
 CONFIG_SERIAL_SC16IS7XX_SPI=y
-# CONFIG_SERIAL_BCM63XX is not set
 CONFIG_SERIAL_ALTERA_JTAGUART=m
 CONFIG_SERIAL_ALTERA_UART=m
 CONFIG_SERIAL_ALTERA_UART_MAXPORTS=4
@@ -4484,6 +4503,7 @@
 #
 # PC SMBus host controller drivers
 #
+CONFIG_I2C_CCGX_UCSI=y
 CONFIG_I2C_ALI1535=m
 CONFIG_I2C_ALI1563=m
 CONFIG_I2C_ALI15X3=m
@@ -4517,6 +4537,7 @@
 CONFIG_I2C_DESIGNWARE_CORE=y
 CONFIG_I2C_DESIGNWARE_SLAVE=y
 CONFIG_I2C_DESIGNWARE_PLATFORM=y
+# CONFIG_I2C_DESIGNWARE_AMDPSP is not set
 CONFIG_I2C_DESIGNWARE_BAYTRAIL=y
 CONFIG_I2C_DESIGNWARE_PCI=y
 CONFIG_I2C_EMEV2=m
@@ -4580,6 +4601,8 @@
 CONFIG_SPI_DLN2=m
 CONFIG_SPI_NXP_FLEXSPI=m
 CONFIG_SPI_GPIO=m
+# CONFIG_SPI_INTEL_PCI is not set
+# CONFIG_SPI_INTEL_PLATFORM is not set
 CONFIG_SPI_LM70_LLP=m
 # CONFIG_SPI_LANTIQ_SSC is not set
 CONFIG_SPI_OC_TINY=m
@@ -4756,7 +4779,7 @@
 CONFIG_GPIO_TPS6586X=y
 CONFIG_GPIO_TPS65910=y
 CONFIG_GPIO_TPS65912=m
-CONFIG_GPIO_TPS68470=y
+CONFIG_GPIO_TPS68470=m
 CONFIG_GPIO_TQMX86=m
 CONFIG_GPIO_TWL4030=m
 CONFIG_GPIO_TWL6040=m
@@ -4850,6 +4873,7 @@
 CONFIG_POWER_SUPPLY_HWMON=y
 CONFIG_PDA_POWER=m
 CONFIG_GENERIC_ADC_BATTERY=m
+# CONFIG_IP5XXX_POWER is not set
 CONFIG_MAX8925_POWER=m
 CONFIG_WM831X_BACKUP=m
 CONFIG_WM831X_POWER=m
@@ -4862,6 +4886,7 @@
 CONFIG_BATTERY_DS2780=m
 CONFIG_BATTERY_DS2781=m
 CONFIG_BATTERY_DS2782=m
+# CONFIG_BATTERY_SAMSUNG_SDI is not set
 CONFIG_BATTERY_SBS=m
 CONFIG_CHARGER_SBS=m
 CONFIG_MANAGER_SBS=m
@@ -4921,6 +4946,7 @@
 CONFIG_CHARGER_WILCO=m
 CONFIG_BATTERY_SURFACE=m
 CONFIG_CHARGER_SURFACE=m
+# CONFIG_BATTERY_UG3105 is not set
 CONFIG_HWMON=y
 CONFIG_HWMON_VID=m
 # CONFIG_HWMON_DEBUG_CHIP is not set
@@ -4965,6 +4991,7 @@
 CONFIG_SENSORS_DS620=m
 CONFIG_SENSORS_DS1621=m
 CONFIG_SENSORS_DELL_SMM=m
+# CONFIG_I8K is not set
 CONFIG_SENSORS_DA9052_ADC=m
 CONFIG_SENSORS_DA9055=m
 CONFIG_SENSORS_I5K_AMB=m
@@ -5067,6 +5094,7 @@
 CONFIG_SENSORS_IRPS5401=m
 CONFIG_SENSORS_ISL68137=m
 CONFIG_SENSORS_LM25066=m
+# CONFIG_SENSORS_LM25066_REGULATOR is not set
 CONFIG_SENSORS_LTC2978=m
 # CONFIG_SENSORS_LTC2978_REGULATOR is not set
 CONFIG_SENSORS_LTC3815=m
@@ -5082,6 +5110,7 @@
 CONFIG_SENSORS_MP2975=m
 CONFIG_SENSORS_MP5023=m
 CONFIG_SENSORS_PIM4328=m
+# CONFIG_SENSORS_PLI1209BC is not set
 CONFIG_SENSORS_PM6764TR=m
 CONFIG_SENSORS_PXE1610=m
 CONFIG_SENSORS_Q54SJ108A2=m
@@ -5091,6 +5120,7 @@
 CONFIG_SENSORS_UCD9000=m
 CONFIG_SENSORS_UCD9200=m
 CONFIG_SENSORS_XDPE122=m
+# CONFIG_SENSORS_XDPE122_REGULATOR is not set
 CONFIG_SENSORS_ZL6100=m
 CONFIG_SENSORS_SBTSI=m
 CONFIG_SENSORS_SBRMI=m
@@ -5100,6 +5130,7 @@
 CONFIG_SENSORS_SHT4x=m
 CONFIG_SENSORS_SHTC1=m
 CONFIG_SENSORS_SIS5595=m
+# CONFIG_SENSORS_SY7636A is not set
 CONFIG_SENSORS_DME1737=m
 CONFIG_SENSORS_EMC1403=m
 CONFIG_SENSORS_EMC2103=m
@@ -5127,6 +5158,7 @@
 CONFIG_SENSORS_TMP108=m
 CONFIG_SENSORS_TMP401=m
 CONFIG_SENSORS_TMP421=m
+# CONFIG_SENSORS_TMP464 is not set
 CONFIG_SENSORS_TMP513=m
 CONFIG_SENSORS_VIA_CPUTEMP=m
 CONFIG_SENSORS_VIA686A=m
@@ -5155,6 +5187,7 @@
 CONFIG_SENSORS_ATK0110=m
 CONFIG_SENSORS_ASUS_WMI=m
 CONFIG_SENSORS_ASUS_WMI_EC=m
+# CONFIG_SENSORS_ASUS_EC is not set
 CONFIG_THERMAL=y
 CONFIG_THERMAL_NETLINK=y
 # CONFIG_THERMAL_STATISTICS is not set
@@ -5195,6 +5228,7 @@
 CONFIG_INTEL_PCH_THERMAL=m
 CONFIG_INTEL_TCC_COOLING=m
 CONFIG_INTEL_MENLOW=m
+# CONFIG_INTEL_HFI_THERMAL is not set
 # end of Intel thermal drivers
 
 CONFIG_GENERIC_ADC_THERMAL=m
@@ -5391,6 +5425,7 @@
 CONFIG_MFD_RT5033=m
 CONFIG_MFD_RC5T583=y
 CONFIG_MFD_SI476X_CORE=m
+# CONFIG_MFD_SIMPLE_MFD_I2C is not set
 CONFIG_MFD_SM501=m
 CONFIG_MFD_SM501_GPIO=y
 CONFIG_MFD_SKY81452=m
@@ -5507,11 +5542,11 @@
 CONFIG_REGULATOR_PV88080=m
 CONFIG_REGULATOR_PV88090=m
 CONFIG_REGULATOR_PWM=m
-CONFIG_REGULATOR_RASPBERRYPI_TOUCHSCREEN_ATTINY=m
 CONFIG_REGULATOR_RC5T583=m
 CONFIG_REGULATOR_RT4801=m
 CONFIG_REGULATOR_RT4831=m
 CONFIG_REGULATOR_RT5033=m
+# CONFIG_REGULATOR_RT5190A is not set
 CONFIG_REGULATOR_RT6160=m
 CONFIG_REGULATOR_RT6245=m
 CONFIG_REGULATOR_RTQ2134=m
@@ -5519,6 +5554,7 @@
 CONFIG_REGULATOR_RTQ6752=m
 CONFIG_REGULATOR_SKY81452=m
 CONFIG_REGULATOR_SLG51000=m
+# CONFIG_REGULATOR_SY7636A is not set
 CONFIG_REGULATOR_TPS51632=m
 CONFIG_REGULATOR_TPS6105X=m
 CONFIG_REGULATOR_TPS62360=m
@@ -5538,41 +5574,41 @@
 CONFIG_REGULATOR_WM8400=m
 CONFIG_REGULATOR_WM8994=m
 CONFIG_RC_CORE=y
-CONFIG_RC_MAP=m
-CONFIG_LIRC=y
 CONFIG_BPF_LIRC_MODE2=y
+CONFIG_LIRC=y
+CONFIG_RC_MAP=m
 CONFIG_RC_DECODERS=y
+CONFIG_IR_IMON_DECODER=m
+CONFIG_IR_JVC_DECODER=m
+CONFIG_IR_MCE_KBD_DECODER=m
 CONFIG_IR_NEC_DECODER=m
 CONFIG_IR_RC5_DECODER=m
 CONFIG_IR_RC6_DECODER=m
-CONFIG_IR_JVC_DECODER=m
-CONFIG_IR_SONY_DECODER=m
+CONFIG_IR_RCMM_DECODER=m
 CONFIG_IR_SANYO_DECODER=m
 CONFIG_IR_SHARP_DECODER=m
-CONFIG_IR_MCE_KBD_DECODER=m
+CONFIG_IR_SONY_DECODER=m
 CONFIG_IR_XMP_DECODER=m
-CONFIG_IR_IMON_DECODER=m
-CONFIG_IR_RCMM_DECODER=m
 CONFIG_RC_DEVICES=y
-CONFIG_RC_ATI_REMOTE=m
 CONFIG_IR_ENE=m
+CONFIG_IR_FINTEK=m
+CONFIG_IR_IGORPLUGUSB=m
+CONFIG_IR_IGUANA=m
 CONFIG_IR_IMON=m
 CONFIG_IR_IMON_RAW=m
-CONFIG_IR_MCEUSB=m
 CONFIG_IR_ITE_CIR=m
-CONFIG_IR_FINTEK=m
+CONFIG_IR_MCEUSB=m
 CONFIG_IR_NUVOTON=m
 CONFIG_IR_REDRAT3=m
+CONFIG_IR_SERIAL=m
+CONFIG_IR_SERIAL_TRANSMITTER=y
 CONFIG_IR_STREAMZAP=m
-CONFIG_IR_WINBOND_CIR=m
-CONFIG_IR_IGORPLUGUSB=m
-CONFIG_IR_IGUANA=m
+CONFIG_IR_TOY=m
 CONFIG_IR_TTUSBIR=m
+CONFIG_IR_WINBOND_CIR=m
+CONFIG_RC_ATI_REMOTE=m
 CONFIG_RC_LOOPBACK=m
-CONFIG_IR_SERIAL=m
-CONFIG_IR_SERIAL_TRANSMITTER=y
 CONFIG_RC_XBOX_DVD=m
-CONFIG_IR_TOY=m
 CONFIG_CEC_CORE=y
 CONFIG_CEC_NOTIFIER=y
 CONFIG_CEC_PIN=y
@@ -5615,7 +5651,6 @@
 #
 # Video4Linux options
 #
-CONFIG_VIDEO_V4L2=m
 CONFIG_VIDEO_V4L2_I2C=y
 CONFIG_VIDEO_V4L2_SUBDEV_API=y
 # CONFIG_VIDEO_ADV_DEBUG is not set
@@ -5655,17 +5690,17 @@
 #
 # Drivers filtered as selected at 'Filter media drivers'
 #
+
+#
+# Media drivers
+#
 CONFIG_MEDIA_USB_SUPPORT=y
 
 #
 # Webcam devices
 #
-CONFIG_USB_VIDEO_CLASS=m
-CONFIG_USB_VIDEO_CLASS_INPUT_EVDEV=y
+CONFIG_VIDEO_CPIA2=m
 CONFIG_USB_GSPCA=m
-CONFIG_USB_M5602=m
-CONFIG_USB_STV06XX=m
-CONFIG_USB_GL860=m
 CONFIG_USB_GSPCA_BENQ=m
 CONFIG_USB_GSPCA_CONEX=m
 CONFIG_USB_GSPCA_CPIA1=m
@@ -5690,13 +5725,13 @@
 CONFIG_USB_GSPCA_SN9C20X=m
 CONFIG_USB_GSPCA_SONIXB=m
 CONFIG_USB_GSPCA_SONIXJ=m
+CONFIG_USB_GSPCA_SPCA1528=m
 CONFIG_USB_GSPCA_SPCA500=m
 CONFIG_USB_GSPCA_SPCA501=m
 CONFIG_USB_GSPCA_SPCA505=m
 CONFIG_USB_GSPCA_SPCA506=m
 CONFIG_USB_GSPCA_SPCA508=m
 CONFIG_USB_GSPCA_SPCA561=m
-CONFIG_USB_GSPCA_SPCA1528=m
 CONFIG_USB_GSPCA_SQ905=m
 CONFIG_USB_GSPCA_SQ905C=m
 CONFIG_USB_GSPCA_SQ930X=m
@@ -5712,29 +5747,33 @@
 CONFIG_USB_GSPCA_VICAM=m
 CONFIG_USB_GSPCA_XIRLINK_CIT=m
 CONFIG_USB_GSPCA_ZC3XX=m
+CONFIG_USB_GL860=m
+CONFIG_USB_M5602=m
+CONFIG_USB_STV06XX=m
 CONFIG_USB_PWC=m
 # CONFIG_USB_PWC_DEBUG is not set
 CONFIG_USB_PWC_INPUT_EVDEV=y
-CONFIG_VIDEO_CPIA2=m
-CONFIG_USB_ZR364XX=m
-CONFIG_USB_STKWEBCAM=m
 CONFIG_USB_S2255=m
+CONFIG_USB_STKWEBCAM=m
 CONFIG_VIDEO_USBTV=m
+CONFIG_USB_VIDEO_CLASS=m
+CONFIG_USB_VIDEO_CLASS_INPUT_EVDEV=y
+CONFIG_USB_ZR364XX=m
 
 #
 # Analog TV USB devices
 #
+CONFIG_VIDEO_GO7007=m
+CONFIG_VIDEO_GO7007_USB=m
+CONFIG_VIDEO_GO7007_LOADER=m
+CONFIG_VIDEO_GO7007_USB_S2250_BOARD=m
+CONFIG_VIDEO_HDPVR=m
 CONFIG_VIDEO_PVRUSB2=m
 CONFIG_VIDEO_PVRUSB2_SYSFS=y
 CONFIG_VIDEO_PVRUSB2_DVB=y
 # CONFIG_VIDEO_PVRUSB2_DEBUGIFC is not set
-CONFIG_VIDEO_HDPVR=m
 CONFIG_VIDEO_STK1160_COMMON=m
 CONFIG_VIDEO_STK1160=m
-CONFIG_VIDEO_GO7007=m
-CONFIG_VIDEO_GO7007_USB=m
-CONFIG_VIDEO_GO7007_LOADER=m
-CONFIG_VIDEO_GO7007_USB_S2250_BOARD=m
 
 #
 # Analog/digital TV USB devices
@@ -5753,34 +5792,9 @@
 #
 # Digital TV USB devices
 #
-CONFIG_DVB_USB=m
-# CONFIG_DVB_USB_DEBUG is not set
-CONFIG_DVB_USB_DIB3000MC=m
-CONFIG_DVB_USB_A800=m
-CONFIG_DVB_USB_DIBUSB_MB=m
-CONFIG_DVB_USB_DIBUSB_MB_FAULTY=y
-CONFIG_DVB_USB_DIBUSB_MC=m
-CONFIG_DVB_USB_DIB0700=m
-CONFIG_DVB_USB_UMT_010=m
-CONFIG_DVB_USB_CXUSB=m
-CONFIG_DVB_USB_CXUSB_ANALOG=y
-CONFIG_DVB_USB_M920X=m
-CONFIG_DVB_USB_DIGITV=m
-CONFIG_DVB_USB_VP7045=m
-CONFIG_DVB_USB_VP702X=m
-CONFIG_DVB_USB_GP8PSK=m
-CONFIG_DVB_USB_NOVA_T_USB2=m
-CONFIG_DVB_USB_TTUSB2=m
-CONFIG_DVB_USB_DTT200U=m
-CONFIG_DVB_USB_OPERA1=m
-CONFIG_DVB_USB_AF9005=m
-CONFIG_DVB_USB_AF9005_REMOTE=m
-CONFIG_DVB_USB_PCTV452E=m
-CONFIG_DVB_USB_DW2102=m
-CONFIG_DVB_USB_CINERGY_T2=m
-CONFIG_DVB_USB_DTV5100=m
-CONFIG_DVB_USB_AZ6027=m
-CONFIG_DVB_USB_TECHNISAT_USB2=m
+CONFIG_DVB_AS102=m
+CONFIG_DVB_B2C2_FLEXCOP_USB=m
+# CONFIG_DVB_B2C2_FLEXCOP_USB_DEBUG is not set
 CONFIG_DVB_USB_V2=m
 CONFIG_DVB_USB_AF9015=m
 CONFIG_DVB_USB_AF9035=m
@@ -5788,19 +5802,44 @@
 CONFIG_DVB_USB_AU6610=m
 CONFIG_DVB_USB_AZ6007=m
 CONFIG_DVB_USB_CE6230=m
+CONFIG_DVB_USB_DVBSKY=m
 CONFIG_DVB_USB_EC168=m
 CONFIG_DVB_USB_GL861=m
 CONFIG_DVB_USB_LME2510=m
 CONFIG_DVB_USB_MXL111SF=m
 CONFIG_DVB_USB_RTL28XXU=m
-CONFIG_DVB_USB_DVBSKY=m
 CONFIG_DVB_USB_ZD1301=m
+CONFIG_DVB_USB=m
+# CONFIG_DVB_USB_DEBUG is not set
+CONFIG_DVB_USB_A800=m
+CONFIG_DVB_USB_AF9005=m
+CONFIG_DVB_USB_AF9005_REMOTE=m
+CONFIG_DVB_USB_AZ6027=m
+CONFIG_DVB_USB_CINERGY_T2=m
+CONFIG_DVB_USB_CXUSB=m
+CONFIG_DVB_USB_CXUSB_ANALOG=y
+CONFIG_DVB_USB_DIB0700=m
+CONFIG_DVB_USB_DIB3000MC=m
+CONFIG_DVB_USB_DIBUSB_MB=m
+CONFIG_DVB_USB_DIBUSB_MB_FAULTY=y
+CONFIG_DVB_USB_DIBUSB_MC=m
+CONFIG_DVB_USB_DIGITV=m
+CONFIG_DVB_USB_DTT200U=m
+CONFIG_DVB_USB_DTV5100=m
+CONFIG_DVB_USB_DW2102=m
+CONFIG_DVB_USB_GP8PSK=m
+CONFIG_DVB_USB_M920X=m
+CONFIG_DVB_USB_NOVA_T_USB2=m
+CONFIG_DVB_USB_OPERA1=m
+CONFIG_DVB_USB_PCTV452E=m
+CONFIG_DVB_USB_TECHNISAT_USB2=m
+CONFIG_DVB_USB_TTUSB2=m
+CONFIG_DVB_USB_UMT_010=m
+CONFIG_DVB_USB_VP702X=m
+CONFIG_DVB_USB_VP7045=m
+CONFIG_SMS_USB_DRV=m
 CONFIG_DVB_TTUSB_BUDGET=m
 CONFIG_DVB_TTUSB_DEC=m
-CONFIG_SMS_USB_DRV=m
-CONFIG_DVB_B2C2_FLEXCOP_USB=m
-# CONFIG_DVB_B2C2_FLEXCOP_USB_DEBUG is not set
-CONFIG_DVB_AS102=m
 
 #
 # Webcam, TV (analog/digital) USB devices
@@ -5824,17 +5863,19 @@
 #
 # Media capture/analog TV support
 #
+CONFIG_VIDEO_DT3155=m
 CONFIG_VIDEO_IVTV=m
 CONFIG_VIDEO_IVTV_ALSA=m
 # CONFIG_VIDEO_FB_IVTV is not set
 CONFIG_VIDEO_HEXIUM_GEMINI=m
 CONFIG_VIDEO_HEXIUM_ORION=m
 CONFIG_VIDEO_MXB=m
-CONFIG_VIDEO_DT3155=m
 
 #
 # Media capture/analog/hybrid TV support
 #
+CONFIG_VIDEO_BT848=m
+CONFIG_DVB_BT8XX=m
 CONFIG_VIDEO_CX18=m
 CONFIG_VIDEO_CX18_ALSA=m
 CONFIG_VIDEO_CX23885=m
@@ -5848,8 +5889,6 @@
 CONFIG_VIDEO_CX88_ENABLE_VP3054=y
 CONFIG_VIDEO_CX88_VP3054=m
 CONFIG_VIDEO_CX88_MPEG=m
-CONFIG_VIDEO_BT848=m
-CONFIG_DVB_BT8XX=m
 CONFIG_VIDEO_SAA7134=m
 CONFIG_VIDEO_SAA7134_ALSA=m
 CONFIG_VIDEO_SAA7134_RC=y
@@ -5860,93 +5899,154 @@
 #
 # Media digital TV PCI Adapters
 #
-CONFIG_DVB_BUDGET_CORE=m
-CONFIG_DVB_BUDGET=m
-CONFIG_DVB_BUDGET_CI=m
-CONFIG_DVB_BUDGET_AV=m
 CONFIG_DVB_B2C2_FLEXCOP_PCI=m
 # CONFIG_DVB_B2C2_FLEXCOP_PCI_DEBUG is not set
-CONFIG_DVB_PLUTO2=m
+CONFIG_DVB_DDBRIDGE=m
+# CONFIG_DVB_DDBRIDGE_MSIENABLE is not set
 CONFIG_DVB_DM1105=m
-CONFIG_DVB_PT1=m
-CONFIG_DVB_PT3=m
 CONFIG_MANTIS_CORE=m
 CONFIG_DVB_MANTIS=m
 CONFIG_DVB_HOPPER=m
+CONFIG_DVB_NETUP_UNIDVB=m
 CONFIG_DVB_NGENE=m
-CONFIG_DVB_DDBRIDGE=m
-# CONFIG_DVB_DDBRIDGE_MSIENABLE is not set
+CONFIG_DVB_PLUTO2=m
+CONFIG_DVB_PT1=m
+CONFIG_DVB_PT3=m
 CONFIG_DVB_SMIPCIE=m
-CONFIG_DVB_NETUP_UNIDVB=m
+CONFIG_DVB_BUDGET_CORE=m
+CONFIG_DVB_BUDGET=m
+CONFIG_DVB_BUDGET_CI=m
+CONFIG_DVB_BUDGET_AV=m
 CONFIG_VIDEO_IPU3_CIO2=m
 CONFIG_CIO2_BRIDGE=y
 CONFIG_RADIO_ADAPTERS=y
+CONFIG_RADIO_MAXIRADIO=m
+CONFIG_RADIO_SAA7706H=m
+CONFIG_RADIO_SHARK=m
+CONFIG_RADIO_SHARK2=m
+CONFIG_RADIO_SI4713=m
+CONFIG_RADIO_SI476X=m
 CONFIG_RADIO_TEA575X=m
+CONFIG_RADIO_TEA5764=m
+CONFIG_RADIO_TEF6862=m
+CONFIG_RADIO_WL1273=m
+CONFIG_USB_DSBR=m
+CONFIG_USB_KEENE=m
+CONFIG_USB_MA901=m
+CONFIG_USB_MR800=m
+CONFIG_USB_RAREMONO=m
 CONFIG_RADIO_SI470X=m
 CONFIG_USB_SI470X=m
 CONFIG_I2C_SI470X=m
-CONFIG_RADIO_SI4713=m
 CONFIG_USB_SI4713=m
 CONFIG_PLATFORM_SI4713=m
 CONFIG_I2C_SI4713=m
-CONFIG_RADIO_SI476X=m
-CONFIG_USB_MR800=m
-CONFIG_USB_DSBR=m
-CONFIG_RADIO_MAXIRADIO=m
-CONFIG_RADIO_SHARK=m
-CONFIG_RADIO_SHARK2=m
-CONFIG_USB_KEENE=m
-CONFIG_USB_RAREMONO=m
-CONFIG_USB_MA901=m
-CONFIG_RADIO_TEA5764=m
-CONFIG_RADIO_SAA7706H=m
-CONFIG_RADIO_TEF6862=m
-CONFIG_RADIO_WL1273=m
 CONFIG_RADIO_WL128X=m
-CONFIG_MEDIA_COMMON_OPTIONS=y
+CONFIG_MEDIA_PLATFORM_DRIVERS=y
+CONFIG_V4L_PLATFORM_DRIVERS=y
+CONFIG_DVB_PLATFORM_DRIVERS=y
+CONFIG_V4L_MEM2MEM_DRIVERS=y
+CONFIG_VIDEO_MEM2MEM_DEINTERLACE=m
 
 #
-# common driver options
+# Allegro DVT media platform drivers
+#
+
+#
+# Amlogic media platform drivers
+#
+
+#
+# Amphion drivers
+#
+
+#
+# Aspeed media platform drivers
+#
+CONFIG_VIDEO_ASPEED=m
+
+#
+# Atmel media platform drivers
+#
+
+#
+# Cadence media platform drivers
 #
-CONFIG_VIDEO_CX2341X=m
-CONFIG_VIDEO_TVEEPROM=m
-CONFIG_TTPCI_EEPROM=m
-CONFIG_CYPRESS_FIRMWARE=m
-CONFIG_VIDEOBUF2_CORE=m
-CONFIG_VIDEOBUF2_V4L2=m
-CONFIG_VIDEOBUF2_MEMOPS=m
-CONFIG_VIDEOBUF2_DMA_CONTIG=m
-CONFIG_VIDEOBUF2_VMALLOC=m
-CONFIG_VIDEOBUF2_DMA_SG=m
-CONFIG_VIDEOBUF2_DVB=m
-CONFIG_DVB_B2C2_FLEXCOP=m
-CONFIG_VIDEO_SAA7146=m
-CONFIG_VIDEO_SAA7146_VV=m
-CONFIG_SMS_SIANO_MDTV=m
-CONFIG_SMS_SIANO_RC=y
-# CONFIG_SMS_SIANO_DEBUGFS is not set
-CONFIG_VIDEO_V4L2_TPG=m
-CONFIG_V4L_PLATFORM_DRIVERS=y
-CONFIG_VIDEO_CAFE_CCIC=m
-CONFIG_VIDEO_CADENCE=y
 CONFIG_VIDEO_CADENCE_CSI2RX=m
 CONFIG_VIDEO_CADENCE_CSI2TX=m
-CONFIG_VIDEO_ASPEED=m
-CONFIG_V4L_MEM2MEM_DRIVERS=y
-CONFIG_VIDEO_MEM2MEM_DEINTERLACE=m
-CONFIG_DVB_PLATFORM_DRIVERS=y
+
+#
+# Chips&Media media platform drivers
+#
+
+#
+# Intel media platform drivers
+#
+
+#
+# Marvell media platform drivers
+#
+CONFIG_VIDEO_CAFE_CCIC=m
+
+#
+# Mediatek media platform drivers
+#
+
+#
+# NVidia media platform drivers
+#
+
+#
+# NXP media platform drivers
+#
+
+#
+# Qualcomm media platform drivers
+#
+
+#
+# Renesas media platform drivers
+#
+
+#
+# Rockchip media platform drivers
+#
+
+#
+# Samsung media platform drivers
+#
+
+#
+# STMicroelectronics media platform drivers
+#
+
+#
+# Sunxi media platform drivers
+#
+
+#
+# Texas Instruments drivers
+#
+
+#
+# VIA media platform drivers
+#
+
+#
+# Xilinx media platform drivers
+#
 
 #
 # MMC/SDIO DVB adapters
 #
 CONFIG_SMS_SDIO_DRV=m
 CONFIG_V4L_TEST_DRIVERS=y
+CONFIG_VIDEO_VIM2M=m
+CONFIG_VIDEO_VICODEC=m
 CONFIG_VIDEO_VIMC=m
 CONFIG_VIDEO_VIVID=m
 CONFIG_VIDEO_VIVID_CEC=y
 CONFIG_VIDEO_VIVID_MAX_DEVS=64
-CONFIG_VIDEO_VIM2M=m
-CONFIG_VIDEO_VICODEC=m
 CONFIG_DVB_TEST_DRIVERS=y
 CONFIG_DVB_VIDTV=m
 
@@ -5955,6 +6055,29 @@
 #
 CONFIG_DVB_FIREDTV=m
 CONFIG_DVB_FIREDTV_INPUT=y
+CONFIG_MEDIA_COMMON_OPTIONS=y
+
+#
+# common driver options
+#
+CONFIG_CYPRESS_FIRMWARE=m
+CONFIG_TTPCI_EEPROM=m
+CONFIG_VIDEO_CX2341X=m
+CONFIG_VIDEO_TVEEPROM=m
+CONFIG_DVB_B2C2_FLEXCOP=m
+CONFIG_VIDEO_SAA7146=m
+CONFIG_VIDEO_SAA7146_VV=m
+CONFIG_SMS_SIANO_MDTV=m
+CONFIG_SMS_SIANO_RC=y
+# CONFIG_SMS_SIANO_DEBUGFS is not set
+CONFIG_VIDEO_V4L2_TPG=m
+CONFIG_VIDEOBUF2_CORE=m
+CONFIG_VIDEOBUF2_V4L2=m
+CONFIG_VIDEOBUF2_MEMOPS=m
+CONFIG_VIDEOBUF2_DMA_CONTIG=m
+CONFIG_VIDEOBUF2_VMALLOC=m
+CONFIG_VIDEOBUF2_DMA_SG=m
+CONFIG_VIDEOBUF2_DVB=m
 # end of Media drivers
 
 CONFIG_MEDIA_HIDE_ANCILLARY_SUBDRV=y
@@ -5970,47 +6093,13 @@
 CONFIG_VIDEO_IR_I2C=m
 
 #
-# audio, video and radio I2C drivers auto-selected by 'Autoselect ancillary drivers'
-#
-CONFIG_VIDEO_TVAUDIO=m
-CONFIG_VIDEO_TDA7432=m
-CONFIG_VIDEO_TDA9840=m
-CONFIG_VIDEO_TEA6415C=m
-CONFIG_VIDEO_TEA6420=m
-CONFIG_VIDEO_MSP3400=m
-CONFIG_VIDEO_CS3308=m
-CONFIG_VIDEO_CS5345=m
-CONFIG_VIDEO_CS53L32A=m
-CONFIG_VIDEO_UDA1342=m
-CONFIG_VIDEO_WM8775=m
-CONFIG_VIDEO_WM8739=m
-CONFIG_VIDEO_VP27SMPX=m
-CONFIG_VIDEO_SONY_BTF_MPX=m
-CONFIG_VIDEO_SAA6588=m
-CONFIG_VIDEO_SAA711X=m
-CONFIG_VIDEO_TVP5150=m
-CONFIG_VIDEO_TW2804=m
-CONFIG_VIDEO_TW9903=m
-CONFIG_VIDEO_TW9906=m
-
-#
-# Video and audio decoders
-#
-CONFIG_VIDEO_SAA717X=m
-CONFIG_VIDEO_CX25840=m
-CONFIG_VIDEO_SAA7127=m
-CONFIG_VIDEO_UPD64031A=m
-CONFIG_VIDEO_UPD64083=m
-CONFIG_VIDEO_SAA6752HS=m
-CONFIG_VIDEO_M52790=m
-
-#
 # Camera sensor devices
 #
 CONFIG_VIDEO_APTINA_PLL=m
 CONFIG_VIDEO_CCS_PLL=m
 CONFIG_VIDEO_HI556=m
 CONFIG_VIDEO_HI846=m
+# CONFIG_VIDEO_HI847 is not set
 CONFIG_VIDEO_IMX208=m
 CONFIG_VIDEO_IMX214=m
 CONFIG_VIDEO_IMX219=m
@@ -6019,7 +6108,22 @@
 CONFIG_VIDEO_IMX290=m
 CONFIG_VIDEO_IMX319=m
 CONFIG_VIDEO_IMX355=m
+CONFIG_VIDEO_MAX9271_LIB=m
+CONFIG_VIDEO_MT9M001=m
+CONFIG_VIDEO_MT9M032=m
+CONFIG_VIDEO_MT9M111=m
+CONFIG_VIDEO_MT9P031=m
+CONFIG_VIDEO_MT9T001=m
+CONFIG_VIDEO_MT9T112=m
+CONFIG_VIDEO_MT9V011=m
+CONFIG_VIDEO_MT9V032=m
+CONFIG_VIDEO_MT9V111=m
+CONFIG_VIDEO_NOON010PC30=m
+# CONFIG_VIDEO_OG01A1B is not set
 CONFIG_VIDEO_OV02A10=m
+# CONFIG_VIDEO_OV08D10 is not set
+CONFIG_VIDEO_OV13858=m
+CONFIG_VIDEO_OV13B10=m
 CONFIG_VIDEO_OV2640=m
 CONFIG_VIDEO_OV2659=m
 CONFIG_VIDEO_OV2680=m
@@ -6027,47 +6131,34 @@
 CONFIG_VIDEO_OV2740=m
 CONFIG_VIDEO_OV5647=m
 CONFIG_VIDEO_OV5648=m
-CONFIG_VIDEO_OV6650=m
 CONFIG_VIDEO_OV5670=m
 CONFIG_VIDEO_OV5675=m
 CONFIG_VIDEO_OV5693=m
 CONFIG_VIDEO_OV5695=m
+CONFIG_VIDEO_OV6650=m
 CONFIG_VIDEO_OV7251=m
-CONFIG_VIDEO_OV772X=m
 CONFIG_VIDEO_OV7640=m
 CONFIG_VIDEO_OV7670=m
+CONFIG_VIDEO_OV772X=m
 CONFIG_VIDEO_OV7740=m
 CONFIG_VIDEO_OV8856=m
 CONFIG_VIDEO_OV8865=m
 CONFIG_VIDEO_OV9640=m
 CONFIG_VIDEO_OV9650=m
 CONFIG_VIDEO_OV9734=m
-CONFIG_VIDEO_OV13858=m
-CONFIG_VIDEO_OV13B10=m
-CONFIG_VIDEO_VS6624=m
-CONFIG_VIDEO_MT9M001=m
-CONFIG_VIDEO_MT9M032=m
-CONFIG_VIDEO_MT9M111=m
-CONFIG_VIDEO_MT9P031=m
-CONFIG_VIDEO_MT9T001=m
-CONFIG_VIDEO_MT9T112=m
-CONFIG_VIDEO_MT9V011=m
-CONFIG_VIDEO_MT9V032=m
-CONFIG_VIDEO_MT9V111=m
-CONFIG_VIDEO_SR030PC30=m
-CONFIG_VIDEO_NOON010PC30=m
-CONFIG_VIDEO_M5MOLS=m
-CONFIG_VIDEO_MAX9271_LIB=m
 CONFIG_VIDEO_RDACM20=m
 CONFIG_VIDEO_RDACM21=m
 CONFIG_VIDEO_RJ54N1=m
-CONFIG_VIDEO_S5K6AA=m
-CONFIG_VIDEO_S5K6A3=m
+CONFIG_VIDEO_S5C73M3=m
 CONFIG_VIDEO_S5K4ECGX=m
 CONFIG_VIDEO_S5K5BAF=m
+CONFIG_VIDEO_S5K6A3=m
+CONFIG_VIDEO_S5K6AA=m
+CONFIG_VIDEO_SR030PC30=m
+CONFIG_VIDEO_VS6624=m
 CONFIG_VIDEO_CCS=m
 CONFIG_VIDEO_ET8EK8=m
-CONFIG_VIDEO_S5C73M3=m
+CONFIG_VIDEO_M5MOLS=m
 # end of Camera sensor devices
 
 #
@@ -6089,6 +6180,41 @@
 # end of Flash devices
 
 #
+# audio, video and radio I2C drivers auto-selected by 'Autoselect ancillary drivers'
+#
+CONFIG_VIDEO_CS3308=m
+CONFIG_VIDEO_CS5345=m
+CONFIG_VIDEO_CS53L32A=m
+CONFIG_VIDEO_MSP3400=m
+CONFIG_VIDEO_SONY_BTF_MPX=m
+CONFIG_VIDEO_TDA7432=m
+CONFIG_VIDEO_TDA9840=m
+CONFIG_VIDEO_TEA6415C=m
+CONFIG_VIDEO_TEA6420=m
+CONFIG_VIDEO_TVAUDIO=m
+CONFIG_VIDEO_UDA1342=m
+CONFIG_VIDEO_VP27SMPX=m
+CONFIG_VIDEO_WM8739=m
+CONFIG_VIDEO_WM8775=m
+CONFIG_VIDEO_SAA6588=m
+CONFIG_VIDEO_SAA711X=m
+CONFIG_VIDEO_TVP5150=m
+CONFIG_VIDEO_TW2804=m
+CONFIG_VIDEO_TW9903=m
+CONFIG_VIDEO_TW9906=m
+
+#
+# Video and audio decoders
+#
+CONFIG_VIDEO_SAA717X=m
+CONFIG_VIDEO_CX25840=m
+CONFIG_VIDEO_SAA7127=m
+CONFIG_VIDEO_UPD64031A=m
+CONFIG_VIDEO_UPD64083=m
+CONFIG_VIDEO_SAA6752HS=m
+CONFIG_VIDEO_M52790=m
+
+#
 # SPI I2C drivers auto-selected by 'Autoselect ancillary drivers'
 #
 
@@ -6096,6 +6222,7 @@
 # Media SPI Adapters
 #
 CONFIG_CXD2880_SPI_DRV=m
+# CONFIG_VIDEO_GS1662 is not set
 # end of Media SPI Adapters
 
 CONFIG_MEDIA_TUNER=m
@@ -6103,42 +6230,42 @@
 #
 # Tuner drivers auto-selected by 'Autoselect ancillary drivers'
 #
+CONFIG_MEDIA_TUNER_E4000=m
+CONFIG_MEDIA_TUNER_FC0011=m
+CONFIG_MEDIA_TUNER_FC0012=m
+CONFIG_MEDIA_TUNER_FC0013=m
+CONFIG_MEDIA_TUNER_FC2580=m
+CONFIG_MEDIA_TUNER_IT913X=m
+CONFIG_MEDIA_TUNER_M88RS6000T=m
+CONFIG_MEDIA_TUNER_MAX2165=m
+CONFIG_MEDIA_TUNER_MC44S803=m
+CONFIG_MEDIA_TUNER_MT2060=m
+CONFIG_MEDIA_TUNER_MT2063=m
+CONFIG_MEDIA_TUNER_MT20XX=m
+CONFIG_MEDIA_TUNER_MT2131=m
+CONFIG_MEDIA_TUNER_MT2266=m
+CONFIG_MEDIA_TUNER_MXL301RF=m
+CONFIG_MEDIA_TUNER_MXL5005S=m
+CONFIG_MEDIA_TUNER_MXL5007T=m
+CONFIG_MEDIA_TUNER_QM1D1B0004=m
+CONFIG_MEDIA_TUNER_QM1D1C0042=m
+CONFIG_MEDIA_TUNER_QT1010=m
+CONFIG_MEDIA_TUNER_R820T=m
+CONFIG_MEDIA_TUNER_SI2157=m
 CONFIG_MEDIA_TUNER_SIMPLE=m
+CONFIG_MEDIA_TUNER_TDA18212=m
+CONFIG_MEDIA_TUNER_TDA18218=m
 CONFIG_MEDIA_TUNER_TDA18250=m
-CONFIG_MEDIA_TUNER_TDA8290=m
-CONFIG_MEDIA_TUNER_TDA827X=m
 CONFIG_MEDIA_TUNER_TDA18271=m
+CONFIG_MEDIA_TUNER_TDA827X=m
+CONFIG_MEDIA_TUNER_TDA8290=m
 CONFIG_MEDIA_TUNER_TDA9887=m
 CONFIG_MEDIA_TUNER_TEA5761=m
 CONFIG_MEDIA_TUNER_TEA5767=m
-CONFIG_MEDIA_TUNER_MT20XX=m
-CONFIG_MEDIA_TUNER_MT2060=m
-CONFIG_MEDIA_TUNER_MT2063=m
-CONFIG_MEDIA_TUNER_MT2266=m
-CONFIG_MEDIA_TUNER_MT2131=m
-CONFIG_MEDIA_TUNER_QT1010=m
+CONFIG_MEDIA_TUNER_TUA9001=m
 CONFIG_MEDIA_TUNER_XC2028=m
-CONFIG_MEDIA_TUNER_XC5000=m
 CONFIG_MEDIA_TUNER_XC4000=m
-CONFIG_MEDIA_TUNER_MXL5005S=m
-CONFIG_MEDIA_TUNER_MXL5007T=m
-CONFIG_MEDIA_TUNER_MC44S803=m
-CONFIG_MEDIA_TUNER_MAX2165=m
-CONFIG_MEDIA_TUNER_TDA18218=m
-CONFIG_MEDIA_TUNER_FC0011=m
-CONFIG_MEDIA_TUNER_FC0012=m
-CONFIG_MEDIA_TUNER_FC0013=m
-CONFIG_MEDIA_TUNER_TDA18212=m
-CONFIG_MEDIA_TUNER_E4000=m
-CONFIG_MEDIA_TUNER_FC2580=m
-CONFIG_MEDIA_TUNER_M88RS6000T=m
-CONFIG_MEDIA_TUNER_TUA9001=m
-CONFIG_MEDIA_TUNER_SI2157=m
-CONFIG_MEDIA_TUNER_IT913X=m
-CONFIG_MEDIA_TUNER_R820T=m
-CONFIG_MEDIA_TUNER_MXL301RF=m
-CONFIG_MEDIA_TUNER_QM1D1C0042=m
-CONFIG_MEDIA_TUNER_QM1D1B0004=m
+CONFIG_MEDIA_TUNER_XC5000=m
 
 #
 # DVB Frontend drivers auto-selected by 'Autoselect ancillary drivers'
@@ -6147,116 +6274,116 @@
 #
 # Multistandard (satellite) frontends
 #
+CONFIG_DVB_M88DS3103=m
+CONFIG_DVB_MXL5XX=m
 CONFIG_DVB_STB0899=m
 CONFIG_DVB_STB6100=m
 CONFIG_DVB_STV090x=m
 CONFIG_DVB_STV0910=m
 CONFIG_DVB_STV6110x=m
 CONFIG_DVB_STV6111=m
-CONFIG_DVB_MXL5XX=m
-CONFIG_DVB_M88DS3103=m
 
 #
 # Multistandard (cable + terrestrial) frontends
 #
 CONFIG_DVB_DRXK=m
-CONFIG_DVB_TDA18271C2DD=m
-CONFIG_DVB_SI2165=m
 CONFIG_DVB_MN88472=m
 CONFIG_DVB_MN88473=m
+CONFIG_DVB_SI2165=m
+CONFIG_DVB_TDA18271C2DD=m
 
 #
 # DVB-S (satellite) frontends
 #
 CONFIG_DVB_CX24110=m
+CONFIG_DVB_CX24116=m
+CONFIG_DVB_CX24117=m
+CONFIG_DVB_CX24120=m
 CONFIG_DVB_CX24123=m
+CONFIG_DVB_DS3000=m
+CONFIG_DVB_MB86A16=m
 CONFIG_DVB_MT312=m
-CONFIG_DVB_ZL10036=m
-CONFIG_DVB_ZL10039=m
 CONFIG_DVB_S5H1420=m
-CONFIG_DVB_STV0288=m
+CONFIG_DVB_SI21XX=m
 CONFIG_DVB_STB6000=m
+CONFIG_DVB_STV0288=m
 CONFIG_DVB_STV0299=m
-CONFIG_DVB_STV6110=m
 CONFIG_DVB_STV0900=m
-CONFIG_DVB_TDA8083=m
+CONFIG_DVB_STV6110=m
+CONFIG_DVB_TDA10071=m
 CONFIG_DVB_TDA10086=m
+CONFIG_DVB_TDA8083=m
 CONFIG_DVB_TDA8261=m
-CONFIG_DVB_VES1X93=m
-CONFIG_DVB_TUNER_ITD1000=m
-CONFIG_DVB_TUNER_CX24113=m
 CONFIG_DVB_TDA826X=m
-CONFIG_DVB_TUA6100=m
-CONFIG_DVB_CX24116=m
-CONFIG_DVB_CX24117=m
-CONFIG_DVB_CX24120=m
-CONFIG_DVB_SI21XX=m
 CONFIG_DVB_TS2020=m
-CONFIG_DVB_DS3000=m
-CONFIG_DVB_MB86A16=m
-CONFIG_DVB_TDA10071=m
+CONFIG_DVB_TUA6100=m
+CONFIG_DVB_TUNER_CX24113=m
+CONFIG_DVB_TUNER_ITD1000=m
+CONFIG_DVB_VES1X93=m
+CONFIG_DVB_ZL10036=m
+CONFIG_DVB_ZL10039=m
 
 #
 # DVB-T (terrestrial) frontends
 #
-CONFIG_DVB_SP887X=m
+CONFIG_DVB_AF9013=m
+CONFIG_DVB_AS102_FE=m
 CONFIG_DVB_CX22700=m
 CONFIG_DVB_CX22702=m
-CONFIG_DVB_DRXD=m
-CONFIG_DVB_L64781=m
-CONFIG_DVB_TDA1004X=m
-CONFIG_DVB_NXT6000=m
-CONFIG_DVB_MT352=m
-CONFIG_DVB_ZL10353=m
+CONFIG_DVB_CXD2820R=m
+CONFIG_DVB_CXD2841ER=m
 CONFIG_DVB_DIB3000MB=m
 CONFIG_DVB_DIB3000MC=m
 CONFIG_DVB_DIB7000M=m
 CONFIG_DVB_DIB7000P=m
-CONFIG_DVB_TDA10048=m
-CONFIG_DVB_AF9013=m
+CONFIG_DVB_DRXD=m
 CONFIG_DVB_EC100=m
-CONFIG_DVB_STV0367=m
-CONFIG_DVB_CXD2820R=m
-CONFIG_DVB_CXD2841ER=m
+CONFIG_DVB_GP8PSK_FE=m
+CONFIG_DVB_L64781=m
+CONFIG_DVB_MT352=m
+CONFIG_DVB_NXT6000=m
 CONFIG_DVB_RTL2830=m
 CONFIG_DVB_RTL2832=m
 CONFIG_DVB_SI2168=m
-CONFIG_DVB_AS102_FE=m
+CONFIG_DVB_SP887X=m
+CONFIG_DVB_STV0367=m
+CONFIG_DVB_TDA10048=m
+CONFIG_DVB_TDA1004X=m
 CONFIG_DVB_ZD1301_DEMOD=m
-CONFIG_DVB_GP8PSK_FE=m
+CONFIG_DVB_ZL10353=m
 
 #
 # DVB-C (cable) frontends
 #
-CONFIG_DVB_VES1820=m
+CONFIG_DVB_STV0297=m
 CONFIG_DVB_TDA10021=m
 CONFIG_DVB_TDA10023=m
-CONFIG_DVB_STV0297=m
+CONFIG_DVB_VES1820=m
 
 #
 # ATSC (North American/Korean Terrestrial/Cable DTV) frontends
 #
-CONFIG_DVB_NXT200X=m
-CONFIG_DVB_OR51211=m
-CONFIG_DVB_OR51132=m
+CONFIG_DVB_AU8522=m
+CONFIG_DVB_AU8522_DTV=m
+CONFIG_DVB_AU8522_V4L=m
 CONFIG_DVB_BCM3510=m
-CONFIG_DVB_LGDT330X=m
+CONFIG_DVB_LG2160=m
 CONFIG_DVB_LGDT3305=m
 CONFIG_DVB_LGDT3306A=m
-CONFIG_DVB_LG2160=m
+CONFIG_DVB_LGDT330X=m
+CONFIG_DVB_MXL692=m
+CONFIG_DVB_NXT200X=m
+CONFIG_DVB_OR51132=m
+CONFIG_DVB_OR51211=m
 CONFIG_DVB_S5H1409=m
-CONFIG_DVB_AU8522=m
-CONFIG_DVB_AU8522_DTV=m
-CONFIG_DVB_AU8522_V4L=m
 CONFIG_DVB_S5H1411=m
-CONFIG_DVB_MXL692=m
 
 #
 # ISDB-T (terrestrial) frontends
 #
-CONFIG_DVB_S921=m
 CONFIG_DVB_DIB8000=m
 CONFIG_DVB_MB86A20S=m
+CONFIG_DVB_S921=m
 
 #
 # ISDB-S (satellite) & ISDB-T (terrestrial) frontends
@@ -6273,23 +6400,23 @@
 #
 # SEC control devices for DVB-S
 #
-CONFIG_DVB_DRX39XYJ=m
-CONFIG_DVB_LNBH25=m
-CONFIG_DVB_LNBP21=m
-CONFIG_DVB_LNBP22=m
+CONFIG_DVB_A8293=m
+CONFIG_DVB_AF9033=m
+CONFIG_DVB_ASCOT2E=m
+CONFIG_DVB_ATBM8830=m
+CONFIG_DVB_HELENE=m
+CONFIG_DVB_HORUS3A=m
 CONFIG_DVB_ISL6405=m
 CONFIG_DVB_ISL6421=m
 CONFIG_DVB_ISL6423=m
-CONFIG_DVB_A8293=m
-CONFIG_DVB_LGS8GXX=m
-CONFIG_DVB_ATBM8830=m
-CONFIG_DVB_TDA665x=m
 CONFIG_DVB_IX2505V=m
+CONFIG_DVB_LGS8GXX=m
+CONFIG_DVB_LNBH25=m
+CONFIG_DVB_LNBP21=m
+CONFIG_DVB_LNBP22=m
 CONFIG_DVB_M88RS2000=m
-CONFIG_DVB_AF9033=m
-CONFIG_DVB_HORUS3A=m
-CONFIG_DVB_ASCOT2E=m
-CONFIG_DVB_HELENE=m
+CONFIG_DVB_TDA665x=m
+CONFIG_DVB_DRX39XYJ=m
 
 #
 # Common Interface (EN50221) controller drivers
@@ -6312,8 +6439,6 @@
 CONFIG_AGP_SIS=m
 CONFIG_AGP_VIA=m
 CONFIG_INTEL_GTT=m
-CONFIG_VGA_ARB=y
-CONFIG_VGA_ARB_MAX_GPUS=10
 CONFIG_VGA_SWITCHEROO=y
 CONFIG_DRM=y
 CONFIG_DRM_MIPI_DBI=m
@@ -6321,12 +6446,14 @@
 CONFIG_DRM_DP_AUX_CHARDEV=y
 # CONFIG_DRM_DEBUG_MM is not set
 # CONFIG_DRM_DEBUG_SELFTEST is not set
+CONFIG_DRM_DP_HELPER=m
 CONFIG_DRM_KMS_HELPER=y
 CONFIG_DRM_FBDEV_EMULATION=y
 CONFIG_DRM_FBDEV_OVERALLOC=100
 CONFIG_DRM_LOAD_EDID_FIRMWARE=y
 CONFIG_DRM_DP_CEC=y
 CONFIG_DRM_TTM=m
+CONFIG_DRM_BUDDY=m
 CONFIG_DRM_VRAM_HELPER=m
 CONFIG_DRM_TTM_HELPER=m
 CONFIG_DRM_GEM_CMA_HELPER=m
@@ -6430,6 +6557,7 @@
 CONFIG_DRM_BOCHS=m
 CONFIG_DRM_CIRRUS_QEMU=m
 CONFIG_DRM_GM12U320=m
+# CONFIG_DRM_PANEL_MIPI_DBI is not set
 CONFIG_DRM_SIMPLEDRM=y
 CONFIG_TINYDRM_HX8357D=m
 CONFIG_TINYDRM_ILI9163=m
@@ -6444,6 +6572,7 @@
 CONFIG_DRM_XEN_FRONTEND=m
 CONFIG_DRM_VBOXVIDEO=m
 CONFIG_DRM_GUD=m
+# CONFIG_DRM_SSD130X is not set
 CONFIG_DRM_HYPERV=m
 # CONFIG_DRM_LEGACY is not set
 CONFIG_DRM_PANEL_ORIENTATION_QUIRKS=y
@@ -6457,7 +6586,6 @@
 CONFIG_FB_NOTIFY=y
 CONFIG_FB=y
 # CONFIG_FIRMWARE_EDID is not set
-CONFIG_FB_BOOT_VESA_SUPPORT=y
 CONFIG_FB_CFB_FILLRECT=y
 CONFIG_FB_CFB_COPYAREA=y
 CONFIG_FB_CFB_IMAGEBLIT=y
@@ -6819,8 +6947,10 @@
 CONFIG_SND_SOC_AMD_YC_MACH=m
 CONFIG_SND_AMD_ACP_CONFIG=m
 CONFIG_SND_SOC_AMD_ACP_COMMON=m
+CONFIG_SND_SOC_AMD_ACP_PDM=m
 CONFIG_SND_SOC_AMD_ACP_I2S=m
 CONFIG_SND_SOC_AMD_ACP_PCM=m
+# CONFIG_SND_SOC_AMD_ACP_PCI is not set
 CONFIG_SND_AMD_ASOC_RENOIR=m
 CONFIG_SND_SOC_AMD_MACH_COMMON=m
 CONFIG_SND_SOC_AMD_LEGACY_MACH=m
@@ -6877,10 +7007,12 @@
 CONFIG_SND_SOC_INTEL_SKYLAKE_HDAUDIO_CODEC=y
 CONFIG_SND_SOC_INTEL_SKYLAKE_COMMON=m
 CONFIG_SND_SOC_ACPI_INTEL_MATCH=m
+# CONFIG_SND_SOC_INTEL_AVS is not set
 CONFIG_SND_SOC_INTEL_MACH=y
 CONFIG_SND_SOC_INTEL_USER_FRIENDLY_LONG_NAMES=y
 CONFIG_SND_SOC_INTEL_HDA_DSP_COMMON=m
 CONFIG_SND_SOC_INTEL_SOF_MAXIM_COMMON=m
+CONFIG_SND_SOC_INTEL_SOF_REALTEK_COMMON=m
 CONFIG_SND_SOC_INTEL_HASWELL_MACH=m
 CONFIG_SND_SOC_INTEL_BDW_RT5650_MACH=m
 CONFIG_SND_SOC_INTEL_BDW_RT5677_MACH=m
@@ -6920,6 +7052,7 @@
 CONFIG_SND_SOC_INTEL_CML_LP_DA7219_MAX98357A_MACH=m
 CONFIG_SND_SOC_INTEL_SOF_CML_RT1011_RT5682_MACH=m
 CONFIG_SND_SOC_INTEL_SOF_DA7219_MAX98373_MACH=m
+# CONFIG_SND_SOC_INTEL_SOF_SSP_AMP_MACH is not set
 CONFIG_SND_SOC_INTEL_EHL_RT5660_MACH=m
 CONFIG_SND_SOC_INTEL_SOUNDWIRE_SOF_MACH=m
 CONFIG_SND_SOC_MTK_BTCVSD=m
@@ -6928,7 +7061,8 @@
 CONFIG_SND_SOC_SOF_PCI=m
 CONFIG_SND_SOC_SOF_ACPI=m
 CONFIG_SND_SOC_SOF_ACPI_DEV=m
-# CONFIG_SND_SOC_SOF_DEBUG_PROBES is not set
+CONFIG_SND_SOC_SOF_DEBUG_PROBES=m
+CONFIG_SND_SOC_SOF_CLIENT=m
 CONFIG_SND_SOC_SOF=m
 CONFIG_SND_SOC_SOF_PROBE_WORK_QUEUE=y
 CONFIG_SND_SOC_SOF_AMD_TOPLEVEL=m
@@ -6960,6 +7094,7 @@
 CONFIG_SND_SOC_SOF_HDA_AUDIO_CODEC=y
 CONFIG_SND_SOC_SOF_HDA_LINK_BASELINE=m
 CONFIG_SND_SOC_SOF_HDA=m
+CONFIG_SND_SOC_SOF_HDA_PROBES=y
 CONFIG_SND_SOC_SOF_INTEL_SOUNDWIRE_LINK_BASELINE=m
 CONFIG_SND_SOC_SOF_INTEL_SOUNDWIRE=m
 CONFIG_SND_SOC_SOF_XTENSA=m
@@ -7004,6 +7139,7 @@
 CONFIG_SND_SOC_AK5386=m
 CONFIG_SND_SOC_AK5558=m
 CONFIG_SND_SOC_ALC5623=m
+# CONFIG_SND_SOC_AW8738 is not set
 CONFIG_SND_SOC_BD28623=m
 # CONFIG_SND_SOC_BT_SCO is not set
 CONFIG_SND_SOC_CROS_EC_CODEC=m
@@ -7145,6 +7281,7 @@
 CONFIG_SND_SOC_TAS5086=m
 CONFIG_SND_SOC_TAS571X=m
 CONFIG_SND_SOC_TAS5720=m
+# CONFIG_SND_SOC_TAS5805M is not set
 CONFIG_SND_SOC_TAS6424=m
 CONFIG_SND_SOC_TDA7419=m
 CONFIG_SND_SOC_TFA9879=m
@@ -7209,6 +7346,7 @@
 CONFIG_SND_SOC_NAU8824=m
 CONFIG_SND_SOC_NAU8825=m
 CONFIG_SND_SOC_TPA6130A2=m
+CONFIG_SND_SOC_LPASS_MACRO_COMMON=m
 CONFIG_SND_SOC_LPASS_WSA_MACRO=m
 CONFIG_SND_SOC_LPASS_VA_MACRO=m
 CONFIG_SND_SOC_LPASS_RX_MACRO=m
@@ -7270,6 +7408,7 @@
 CONFIG_HID_GLORIOUS=m
 CONFIG_HID_HOLTEK=m
 CONFIG_HOLTEK_FF=y
+CONFIG_HID_VIVALDI_COMMON=m
 CONFIG_HID_GOOGLE_HAMMER=m
 CONFIG_HID_VIVALDI=m
 CONFIG_HID_GT683R=m
@@ -7321,12 +7460,14 @@
 CONFIG_HID_PLANTRONICS=m
 CONFIG_HID_PLAYSTATION=m
 CONFIG_PLAYSTATION_FF=y
+# CONFIG_HID_RAZER is not set
 CONFIG_HID_PRIMAX=m
 CONFIG_HID_RETRODE=m
 CONFIG_HID_ROCCAT=m
 CONFIG_HID_SAITEK=m
 CONFIG_HID_SAMSUNG=m
 CONFIG_HID_SEMITEK=m
+# CONFIG_HID_SIGMAMICRO is not set
 CONFIG_HID_SONY=m
 CONFIG_SONY_FF=y
 CONFIG_HID_SPEEDLINK=m
@@ -7785,8 +7926,10 @@
 CONFIG_UCSI_CCG=m
 CONFIG_UCSI_ACPI=m
 CONFIG_TYPEC_TPS6598X=m
+# CONFIG_TYPEC_RT1719 is not set
 CONFIG_TYPEC_HD3SS3220=m
 CONFIG_TYPEC_STUSB160X=m
+# CONFIG_TYPEC_WUSB3801 is not set
 
 #
 # USB Type-C Multiplexer/DeMultiplexer Switch support
@@ -8252,9 +8395,11 @@
 CONFIG_VFIO_PCI=m
 CONFIG_VFIO_PCI_VGA=y
 CONFIG_VFIO_PCI_IGD=y
+# CONFIG_MLX5_VFIO_PCI is not set
 CONFIG_VFIO_MDEV=m
 CONFIG_IRQ_BYPASS_MANAGER=m
 CONFIG_VIRT_DRIVERS=y
+CONFIG_VMGENID=y
 CONFIG_VBOXGUEST=m
 CONFIG_NITRO_ENCLAVES=m
 CONFIG_ACRN_HSM=m
@@ -8370,7 +8515,6 @@
 # Analog to digital converters
 #
 CONFIG_AD7816=m
-CONFIG_AD7280=m
 # end of Analog to digital converters
 
 #
@@ -8435,17 +8579,10 @@
 CONFIG_DVB_AV7110_OSD=y
 CONFIG_DVB_BUDGET_PATCH=m
 CONFIG_DVB_SP8870=m
-
-#
-# Android
-#
-# end of Android
-
 CONFIG_LTE_GDM724X=m
 CONFIG_FIREWIRE_SERIAL=m
 CONFIG_FWTTY_MAX_TOTAL_PORTS=64
 CONFIG_FWTTY_MAX_CARD_PORTS=32
-CONFIG_GS_FPGABOOT=m
 CONFIG_UNISYSSPAR=y
 CONFIG_UNISYS_VISORNIC=m
 CONFIG_UNISYS_VISORINPUT=m
@@ -8474,6 +8611,7 @@
 CONFIG_ACER_WIRELESS=m
 CONFIG_ACER_WMI=m
 CONFIG_AMD_PMC=m
+# CONFIG_AMD_HSMP is not set
 CONFIG_ADV_SWBUTTON=m
 CONFIG_APPLE_GMUX=m
 CONFIG_ASUS_LAPTOP=m
@@ -8521,7 +8659,6 @@
 CONFIG_INTEL_ATOMISP2_PDX86=y
 CONFIG_INTEL_ATOMISP2_LED=m
 CONFIG_INTEL_SAR_INT1092=m
-CONFIG_INTEL_CHT_INT33FE=m
 CONFIG_INTEL_SKL_INT3472=m
 CONFIG_INTEL_PMC_CORE=y
 CONFIG_INTEL_PMT_CLASS=m
@@ -8538,19 +8675,27 @@
 CONFIG_INTEL_WMI=y
 CONFIG_INTEL_WMI_SBL_FW_UPDATE=m
 CONFIG_INTEL_WMI_THUNDERBOLT=m
+
+#
+# Intel Uncore Frequency Control
+#
+CONFIG_INTEL_UNCORE_FREQ_CONTROL=m
+# end of Intel Uncore Frequency Control
+
 CONFIG_INTEL_HID_EVENT=m
 CONFIG_INTEL_VBTN=m
 CONFIG_INTEL_INT0002_VGPIO=m
 CONFIG_INTEL_OAKTRAIL=m
 CONFIG_INTEL_BXTWC_PMIC_TMU=m
 CONFIG_INTEL_CHTDC_TI_PWRBTN=m
+# CONFIG_INTEL_CHTWC_INT33FE is not set
 CONFIG_INTEL_ISHTP_ECLITE=m
 CONFIG_INTEL_MRFLD_PWRBTN=m
 CONFIG_INTEL_PUNIT_IPC=m
 CONFIG_INTEL_RST=m
+# CONFIG_INTEL_SDSI is not set
 CONFIG_INTEL_SMARTCONNECT=m
 CONFIG_INTEL_TURBO_MAX_3=y
-CONFIG_INTEL_UNCORE_FREQ_CONTROL=m
 CONFIG_INTEL_VSEC=m
 CONFIG_MSI_LAPTOP=m
 CONFIG_MSI_WMI=m
@@ -8570,7 +8715,7 @@
 CONFIG_SONYPI_COMPAT=y
 CONFIG_SYSTEM76_ACPI=m
 CONFIG_TOPSTAR_LAPTOP=m
-CONFIG_I2C_MULTI_INSTANTIATE=m
+# CONFIG_SERIAL_MULTI_INSTANTIATE is not set
 CONFIG_MLX_PLATFORM=m
 CONFIG_TOUCHSCREEN_DMI=y
 CONFIG_X86_ANDROID_TABLETS=m
@@ -8602,6 +8747,7 @@
 CONFIG_CROS_EC_TYPEC=m
 CONFIG_CROS_USBPD_LOGGER=m
 CONFIG_CROS_USBPD_NOTIFY=m
+# CONFIG_CHROMEOS_PRIVACY_SCREEN is not set
 CONFIG_WILCO_EC=m
 CONFIG_WILCO_EC_DEBUGFS=m
 CONFIG_WILCO_EC_EVENTS=m
@@ -8612,7 +8758,6 @@
 CONFIG_MLXREG_LC=m
 CONFIG_SURFACE_PLATFORMS=y
 CONFIG_SURFACE3_WMI=m
-CONFIG_SURFACE_3_BUTTON=m
 CONFIG_SURFACE_3_POWER_OPREGION=m
 CONFIG_SURFACE_ACPI_NOTIFY=m
 CONFIG_SURFACE_AGGREGATOR_CDEV=m
@@ -8670,7 +8815,7 @@
 CONFIG_IOMMU_DEFAULT_DMA_LAZY=y
 # CONFIG_IOMMU_DEFAULT_PASSTHROUGH is not set
 CONFIG_IOMMU_DMA=y
-CONFIG_IOMMU_SVA_LIB=y
+CONFIG_IOMMU_SVA=y
 CONFIG_AMD_IOMMU=y
 CONFIG_AMD_IOMMU_V2=y
 CONFIG_DMAR_TABLE=y
@@ -8695,6 +8840,7 @@
 #
 CONFIG_RPMSG=m
 CONFIG_RPMSG_CHAR=m
+# CONFIG_RPMSG_CTRL is not set
 CONFIG_RPMSG_NS=m
 CONFIG_RPMSG_QCOM_GLINK=m
 CONFIG_RPMSG_QCOM_GLINK_RPM=m
@@ -8821,6 +8967,8 @@
 CONFIG_ADXL355=m
 CONFIG_ADXL355_I2C=m
 CONFIG_ADXL355_SPI=m
+# CONFIG_ADXL367_SPI is not set
+# CONFIG_ADXL367_I2C is not set
 CONFIG_ADXL372=m
 CONFIG_ADXL372_SPI=m
 CONFIG_ADXL372_I2C=m
@@ -8874,6 +9022,7 @@
 CONFIG_AD7124=m
 CONFIG_AD7192=m
 CONFIG_AD7266=m
+CONFIG_AD7280=m
 CONFIG_AD7291=m
 CONFIG_AD7292=m
 CONFIG_AD7298=m
@@ -8955,6 +9104,7 @@
 # Amplifiers
 #
 CONFIG_AD8366=m
+# CONFIG_ADA4250 is not set
 CONFIG_HMC425=m
 # end of Amplifiers
 
@@ -9032,6 +9182,7 @@
 CONFIG_AD5593R=m
 CONFIG_AD5504=m
 CONFIG_AD5624R_SPI=m
+# CONFIG_LTC2688 is not set
 CONFIG_AD5686=m
 CONFIG_AD5686_SPI=m
 CONFIG_AD5696_I2C=m
@@ -9087,6 +9238,8 @@
 CONFIG_ADF4350=m
 CONFIG_ADF4371=m
 CONFIG_ADMV1013=m
+# CONFIG_ADMV1014 is not set
+# CONFIG_ADMV4420 is not set
 CONFIG_ADRF6780=m
 # end of Phase-Locked Loop (PLL) frequency synthesizers
 # end of Frequency Synthesizers DDS/PLL
@@ -9354,7 +9507,10 @@
 CONFIG_PING=m
 CONFIG_RFD77402=m
 CONFIG_SRF04=m
+CONFIG_SX_COMMON=m
 CONFIG_SX9310=m
+# CONFIG_SX9324 is not set
+# CONFIG_SX9360 is not set
 CONFIG_SX9500=m
 CONFIG_SRF08=m
 CONFIG_VCNL3020=m
@@ -9453,8 +9609,6 @@
 CONFIG_INTEL_RAPL_CORE=m
 CONFIG_INTEL_RAPL=m
 CONFIG_IDLE_INJECT=y
-CONFIG_DTPM=y
-CONFIG_DTPM_CPU=y
 CONFIG_MCB=m
 CONFIG_MCB_PCI=m
 CONFIG_MCB_LPC=m
@@ -9479,7 +9633,6 @@
 
 CONFIG_LIBNVDIMM=y
 CONFIG_BLK_DEV_PMEM=m
-CONFIG_ND_BLK=m
 CONFIG_ND_CLAIM=y
 CONFIG_ND_BTT=m
 CONFIG_BTT=y
@@ -9567,6 +9720,7 @@
 CONFIG_MOST_USB_HDM=m
 CONFIG_MOST_CDEV=m
 CONFIG_MOST_SND=m
+# CONFIG_PECI is not set
 # end of Device Drivers
 
 #
@@ -9635,6 +9789,7 @@
 CONFIG_F2FS_FS_LZ4HC=y
 CONFIG_F2FS_FS_ZSTD=y
 CONFIG_F2FS_IOSTAT=y
+# CONFIG_F2FS_UNFAIR_RWSEM is not set
 CONFIG_ZONEFS_FS=m
 CONFIG_FS_DAX=y
 CONFIG_FS_DAX_PMD=y
@@ -9862,7 +10017,6 @@
 # CONFIG_NFS_V4_2_READ_PLUS is not set
 CONFIG_NFSD=m
 CONFIG_NFSD_V2_ACL=y
-CONFIG_NFSD_V3=y
 CONFIG_NFSD_V3_ACL=y
 CONFIG_NFSD_V4=y
 CONFIG_NFSD_PNFS=y
@@ -9982,6 +10136,7 @@
 CONFIG_PERSISTENT_KEYRINGS=y
 CONFIG_TRUSTED_KEYS=m
 CONFIG_ENCRYPTED_KEYS=m
+# CONFIG_USER_DECRYPTED_DATA is not set
 CONFIG_KEY_DH_OPERATIONS=y
 CONFIG_KEY_NOTIFICATIONS=y
 CONFIG_SECURITY_DMESG_RESTRICT=y
@@ -10108,6 +10263,7 @@
 #
 CONFIG_CRYPTO_RSA=y
 CONFIG_CRYPTO_DH=y
+# CONFIG_CRYPTO_DH_RFC7919_GROUPS is not set
 CONFIG_CRYPTO_ECC=y
 CONFIG_CRYPTO_ECDH=m
 CONFIG_CRYPTO_ECDSA=y
@@ -10167,6 +10323,7 @@
 CONFIG_CRYPTO_BLAKE2S_X86=m
 CONFIG_CRYPTO_CRCT10DIF=y
 CONFIG_CRYPTO_CRCT10DIF_PCLMUL=m
+CONFIG_CRYPTO_CRC64_ROCKSOFT=y
 CONFIG_CRYPTO_GHASH=m
 CONFIG_CRYPTO_POLY1305=m
 CONFIG_CRYPTO_POLY1305_X86_64=m
@@ -10182,6 +10339,7 @@
 CONFIG_CRYPTO_SHA512=y
 CONFIG_CRYPTO_SHA3=m
 CONFIG_CRYPTO_SM3=m
+# CONFIG_CRYPTO_SM3_AVX_X86_64 is not set
 CONFIG_CRYPTO_STREEBOG=m
 CONFIG_CRYPTO_WP512=m
 CONFIG_CRYPTO_GHASH_CLMUL_NI_INTEL=m
@@ -10282,10 +10440,8 @@
 CONFIG_CRYPTO_DEV_AMLOGIC_GXL_DEBUG=y
 CONFIG_ASYMMETRIC_KEY_TYPE=y
 CONFIG_ASYMMETRIC_PUBLIC_KEY_SUBTYPE=y
-CONFIG_ASYMMETRIC_TPM_KEY_SUBTYPE=m
 CONFIG_X509_CERTIFICATE_PARSER=y
 CONFIG_PKCS8_PRIVATE_KEY_PARSER=m
-CONFIG_TPM_KEY_PARSER=m
 CONFIG_PKCS7_MESSAGE_PARSER=y
 # CONFIG_PKCS7_TEST_KEY is not set
 CONFIG_SIGNED_PE_FILE_VERIFICATION=y
@@ -10348,12 +10504,14 @@
 CONFIG_CRYPTO_LIB_POLY1305=m
 CONFIG_CRYPTO_LIB_CHACHA20POLY1305=m
 CONFIG_CRYPTO_LIB_SHA256=y
+CONFIG_CRYPTO_LIB_SM3=m
 CONFIG_CRYPTO_LIB_SM4=m
 # end of Crypto library routines
 
 CONFIG_CRC_CCITT=y
 CONFIG_CRC16=m
 CONFIG_CRC_T10DIF=y
+CONFIG_CRC64_ROCKSOFT=y
 CONFIG_CRC_ITU_T=m
 CONFIG_CRC32=y
 # CONFIG_CRC32_SELFTEST is not set
@@ -10361,7 +10519,7 @@
 # CONFIG_CRC32_SLICEBY4 is not set
 # CONFIG_CRC32_SARWATE is not set
 # CONFIG_CRC32_BIT is not set
-CONFIG_CRC64=m
+CONFIG_CRC64=y
 CONFIG_CRC4=m
 CONFIG_CRC7=m
 CONFIG_LIBCRC32C=m
@@ -10499,18 +10657,24 @@
 CONFIG_DEBUG_BUGVERBOSE=y
 # end of printk and dmesg options
 
+CONFIG_DEBUG_KERNEL=y
+# CONFIG_DEBUG_MISC is not set
+
 #
 # Compile-time checks and compiler options
 #
 CONFIG_DEBUG_INFO=y
+# CONFIG_DEBUG_INFO_NONE is not set
+# CONFIG_DEBUG_INFO_DWARF_TOOLCHAIN_DEFAULT is not set
+CONFIG_DEBUG_INFO_DWARF4=y
+# CONFIG_DEBUG_INFO_DWARF5 is not set
 # CONFIG_DEBUG_INFO_REDUCED is not set
 # CONFIG_DEBUG_INFO_COMPRESSED is not set
 # CONFIG_DEBUG_INFO_SPLIT is not set
-# CONFIG_DEBUG_INFO_DWARF_TOOLCHAIN_DEFAULT is not set
-CONFIG_DEBUG_INFO_DWARF4=y
 CONFIG_DEBUG_INFO_BTF=y
 CONFIG_PAHOLE_HAS_SPLIT_BTF=y
 CONFIG_DEBUG_INFO_BTF_MODULES=y
+# CONFIG_MODULE_ALLOW_BTF_MISMATCH is not set
 # CONFIG_GDB_SCRIPTS is not set
 CONFIG_FRAME_WARN=2048
 CONFIG_STRIP_ASM_SYMS=y
@@ -10542,9 +10706,6 @@
 # CONFIG_KCSAN is not set
 # end of Generic Kernel Debugging Instruments
 
-CONFIG_DEBUG_KERNEL=y
-# CONFIG_DEBUG_MISC is not set
-
 #
 # Networking Debugging
 #
@@ -10592,6 +10753,7 @@
 CONFIG_KFENCE=y
 CONFIG_KFENCE_SAMPLE_INTERVAL=100
 CONFIG_KFENCE_NUM_OBJECTS=255
+# CONFIG_KFENCE_DEFERRABLE is not set
 CONFIG_KFENCE_STRESS_TEST_FAULTS=0
 # end of Memory Debugging
 
@@ -10684,6 +10846,8 @@
 CONFIG_LATENCYTOP=y
 CONFIG_USER_STACKTRACE_SUPPORT=y
 CONFIG_NOP_TRACER=y
+CONFIG_HAVE_RETHOOK=y
+CONFIG_RETHOOK=y
 CONFIG_HAVE_FUNCTION_TRACER=y
 CONFIG_HAVE_FUNCTION_GRAPH_TRACER=y
 CONFIG_HAVE_DYNAMIC_FTRACE=y
@@ -10703,6 +10867,7 @@
 CONFIG_EVENT_TRACING=y
 CONFIG_CONTEXT_SWITCH_TRACER=y
 CONFIG_TRACING=y
+CONFIG_GLOBAL_TRACE_BUF_SIZE=1441792
 CONFIG_GENERIC_TRACER=y
 CONFIG_TRACING_SUPPORT=y
 CONFIG_FTRACE=y
@@ -10713,6 +10878,7 @@
 CONFIG_DYNAMIC_FTRACE_WITH_REGS=y
 CONFIG_DYNAMIC_FTRACE_WITH_DIRECT_CALLS=y
 CONFIG_DYNAMIC_FTRACE_WITH_ARGS=y
+# CONFIG_FPROBE is not set
 CONFIG_FUNCTION_PROFILER=y
 CONFIG_STACK_TRACER=y
 # CONFIG_IRQSOFF_TRACER is not set
@@ -10821,7 +10987,6 @@
 # CONFIG_TEST_BITMAP is not set
 # CONFIG_TEST_UUID is not set
 # CONFIG_TEST_XARRAY is not set
-# CONFIG_TEST_OVERFLOW is not set
 # CONFIG_TEST_RHASHTABLE is not set
 # CONFIG_TEST_SIPHASH is not set
 # CONFIG_TEST_IDA is not set
@@ -10840,7 +11005,6 @@
 # CONFIG_TEST_KMOD is not set
 # CONFIG_TEST_MEMCAT_P is not set
 # CONFIG_TEST_OBJAGG is not set
-# CONFIG_TEST_STACKINIT is not set
 # CONFIG_TEST_MEMINIT is not set
 # CONFIG_TEST_HMM is not set
 # CONFIG_TEST_FREE_PAGES is not set
Prepared gvt-linux version 5.18.0-rc1-1-gvt
